<?xml version="1.0" encoding="UTF-8"?>
<!-- Generated by org.testng.reporters.JUnitReportReporter -->
<testsuite skipped="0" hostname="DESKTOP-4GCC36D" name="testng1.TNG_001" tests="1" failures="0" timestamp="2021-11-15T11:16:11 IST" time="0.008" errors="0">
  <testcase name="f" time="0.008" classname="testng1.TNG_001"/>
  <system-out/>
</testsuite> <!-- testng1.TNG_001 -->
