<?xml version="1.0" encoding="UTF-8"?>
<!-- Generated by org.testng.reporters.JUnitReportReporter -->
<testsuite skipped="1" hostname="DESKTOP-4GCC36D" name="testng1.TNG_002" tests="3" failures="0" timestamp="2021-11-15T11:16:11 IST" time="0.006" errors="0">
  <testcase name="f" time="0.001" classname="testng1.TNG_002"/>
  <system-out/>
  <testcase name="a" time="0.005" classname="testng1.TNG_002"/>
  <system-out/>
  <testcase name="z" classname="testng1.TNG_002">
    <skipped/>
  </testcase> <!-- z -->
  <system-out/>
</testsuite> <!-- testng1.TNG_002 -->
