<?xml version="1.0" encoding="UTF-8"?>
<!-- Generated by org.testng.reporters.JUnitReportReporter -->
<testsuite skipped="0" hostname="DESKTOP-4GCC36D" name="testng1.TN_004" tests="3" failures="0" timestamp="2021-11-15T17:50:40 IST" time="0.036" errors="0">
  <testcase name="test1" time="0.017" classname="testng1.TN_004"/>
  <system-out/>
  <testcase name="test3" time="0.003" classname="testng1.TN_004"/>
  <system-out/>
  <testcase name="test2" time="0.016" classname="testng1.TN_004"/>
  <system-out/>
</testsuite> <!-- testng1.TN_004 -->
