<?xml version="1.0" encoding="UTF-8"?>
<!-- Generated by org.testng.reporters.JUnitReportReporter -->
<testsuite skipped="2" hostname="DESKTOP-4GCC36D" name="testng1.TestDependency" tests="4" failures="0" timestamp="2021-11-16T19:08:51 IST" time="0.018" errors="0">
  <testcase name="orange" time="0.013" classname="testng1.TestDependency"/>
  <system-out/>
  <testcase name="white" time="0.003" classname="testng1.TestDependency"/>
  <system-out/>
  <testcase name="blue" time="0.002" classname="testng1.TestDependency">
    <skipped/>
  </testcase> <!-- blue -->
  <system-out/>
  <testcase name="green" time="0.000" classname="testng1.TestDependency">
    <skipped/>
  </testcase> <!-- green -->
  <system-out/>
</testsuite> <!-- testng1.TestDependency -->
