<?xml version="1.0" encoding="UTF-8"?>
<!-- Generated by org.testng.reporters.JUnitReportReporter -->
<testsuite hostname="DESKTOP-JCJ8HOK" failures="0" tests="6" name="testcases.CustomerCommunications" time="0.015" errors="0" timestamp="2021-10-19T10:21:03 IST" skipped="0">
  <testcase classname="testcases.CustomerCommunications" name="checkEmailVerification" time="0.003"/>
  <system-out/>
  <testcase classname="testcases.CustomerCommunications" name="checkMobileVerification" time="0.003"/>
  <system-out/>
  <testcase classname="testcases.CustomerCommunications" name="checkEmailVerification" time="0.001"/>
  <system-out/>
  <testcase classname="testcases.CustomerCommunications" name="checkEmailVerification" time="0.002"/>
  <system-out/>
  <testcase classname="testcases.CustomerCommunications" name="checkMobileVerification" time="0.005"/>
  <system-out/>
  <testcase classname="testcases.CustomerCommunications" name="checkMobileVerification" time="0.001"/>
  <system-out/>
</testsuite> <!-- testcases.CustomerCommunications -->
