<?xml version="1.0" encoding="UTF-8"?>
<!-- Generated by org.testng.reporters.JUnitReportReporter -->
<testsuite skipped="0" hostname="DESKTOP-4GCC36D" name="testcases.BookingSearch" tests="3" failures="0" timestamp="2021-11-19T16:29:44 IST" time="0.016" errors="0">
  <testcase name="selectHotel" time="0.000" classname="testcases.BookingSearch"/>
  <system-out/>
  <testcase name="enterGuestInformation" time="0.000" classname="testcases.BookingSearch"/>
  <system-out/>
  <testcase name="searchHotel" time="0.016" classname="testcases.BookingSearch"/>
  <system-out/>
</testsuite> <!-- testcases.BookingSearch -->
