<?xml version="1.0" encoding="UTF-8"?>
<!-- Generated by org.testng.reporters.JUnitReportReporter -->
<testsuite skipped="0" hostname="DESKTOP-4GCC36D" name="testcases.Login" tests="1" failures="0" timestamp="2021-11-19T19:20:40 IST" time="0.007" errors="0">
  <testcase name="f" time="0.007" classname="testcases.Login"/>
  <system-out/>
</testsuite> <!-- testcases.Login -->
