<?xml version="1.0" encoding="UTF-8"?>
<!-- Generated by org.testng.reporters.JUnitReportReporter -->
<testsuite skipped="0" hostname="DESKTOP-4GCC36D" name="testcases.CustomerCommunications" tests="2" failures="0" timestamp="2021-11-19T16:29:44 IST" time="0.062" errors="0">
  <testcase name="checkEmailVerification" time="0.015" classname="testcases.CustomerCommunications"/>
  <system-out/>
  <testcase name="checkMobileVerification" time="0.047" classname="testcases.CustomerCommunications"/>
  <system-out/>
</testsuite> <!-- testcases.CustomerCommunications -->
